<?xml version="1.0" encoding="UTF-8"?>
<testng-results ignored="0" total="1" passed="1" failed="0" skipped="0">
  <reporter-output>
  </reporter-output>
  <suite started-at="2024-08-14T14:29:19 IST" name="Default suite" finished-at="2024-08-14T14:29:19 IST" duration-ms="81">
    <groups>
    </groups>
    <test started-at="2024-08-14T14:29:19 IST" name="Default test" finished-at="2024-08-14T14:29:19 IST" duration-ms="81">
      <class name="gitttt.Demo1">
        <test-method signature="reverse()[pri:0, instance:gitttt.Demo1@4944252c]" started-at="2024-08-14T14:29:19 IST" name="reverse" finished-at="2024-08-14T14:29:19 IST" duration-ms="16" status="PASS">
          <reporter-output>
          </reporter-output>
        </test-method> <!-- reverse -->
      </class> <!-- gitttt.Demo1 -->
    </test> <!-- Default test -->
  </suite> <!-- Default suite -->
</testng-results>
